<?xml version="1.0" encoding="UTF-8"?>
<!-- Generated by org.testng.reporters.JUnitReportReporter -->
<testsuite skipped="0" hostname="DESKTOP-H7R8HTU" name="testscripts.AddToCart" tests="2" failures="0" timestamp="2020-05-23T13:31:11 IST" time="18.926" errors="0">
  <testcase name="searchAndAddToCart" time="10.793" classname="testscripts.AddToCart"/>
  <testcase name="searchAndAddToCart" time="8.133" classname="testscripts.AddToCart"/>
</testsuite> <!-- testscripts.AddToCart -->
